2024-06-19 21:41:41,054 [INFO] Activator:176 - 


2024-06-19 21:41:41,060 [INFO] Activator:177 - !SESSION log4j initialized
2024-06-19 21:41:44,582 [INFO] LogOutputStream:77 - [STDOUT_REDIRECT] 
2024-06-19 21:41:49,619 [INFO] ApplicationProperties:184 - Using Application install path: C:\ST\STM32CubeIDE_1.15.1\STM32CubeIDE\plugins\com.st.stm32cube.common.mx_6.11.1.202404110753
2024-06-19 21:41:49,632 [INFO] DbMcusXml:78 - Set database path to: C:\ST\STM32CubeIDE_1.15.1\STM32CubeIDE\plugins\com.st.stm32cube.common.mx_6.11.1.202404110753\\db\/mcu/
2024-06-19 21:41:49,632 [INFO] ApiDb:274 - Set plugin database path to: C:\ST\STM32CubeIDE_1.15.1\STM32CubeIDE\plugins\com.st.stm32cube.common.mx_6.11.1.202404110753\\db\/plugins/boardmanager/
2024-06-19 21:41:49,633 [WARN] ApiDb:259 - Overriding images path with different value:  => C:\ST\STM32CubeIDE_1.15.1\STM32CubeIDE\plugins\com.st.stm32cube.common.mx_6.11.1.202404110753\\db\/plugins/mcufinder/images/
2024-06-19 21:41:49,639 [INFO] ApiDb:250 - Set database path to: C:\Users\PCZ\.stmcufinder\plugins\mcufinder//mcu/
2024-06-19 21:41:49,640 [INFO] DbMcusAds:125 - Set database path to: C:\Users\PCZ\.stmcufinder\plugins\mcufinder//mcu/
2024-06-19 21:41:49,641 [INFO] CrossReferenceDbSqlite:203 - Set database path to: C:\Users\PCZ\.stmcufinder\plugins\mcufinder//mcu/cs/
2024-06-19 21:41:49,714 [INFO] RulesReader:64 - Compatibility file has been processed (297 Rules)
2024-06-19 21:41:49,776 [INFO] DbMcusXml:78 - Set database path to: C:\ST\STM32CubeIDE_1.15.1\STM32CubeIDE\plugins\com.st.stm32cube.common.mx_6.11.1.202404110753\\db\/mcu/
2024-06-19 21:41:49,776 [INFO] ApiDb:274 - Set plugin database path to: C:\ST\STM32CubeIDE_1.15.1\STM32CubeIDE\plugins\com.st.stm32cube.common.mx_6.11.1.202404110753\\db\/plugins/boardmanager/
2024-06-19 21:41:49,776 [INFO] ApiDb:261 - Set plugin images path to: C:\ST\STM32CubeIDE_1.15.1\STM32CubeIDE\plugins\com.st.stm32cube.common.mx_6.11.1.202404110753\\db\/plugins/mcufinder/images/
2024-06-19 21:41:49,776 [WARN] DbFile:41 - Overriding database path with different value: C:\Users\PCZ\.stmcufinder\plugins\mcufinder/ => C:\Users\PCZ\.stmcufinder\plugins\mcufinder
2024-06-19 21:41:49,776 [INFO] ApiDb:250 - Set database path to: C:\Users\PCZ\.stmcufinder\plugins\mcufinder//mcu/
2024-06-19 21:41:49,776 [WARN] DbFile:41 - Overriding database path with different value: C:\Users\PCZ\.stmcufinder\plugins\mcufinder/ => C:\Users\PCZ\.stmcufinder\plugins\mcufinder
2024-06-19 21:41:49,776 [INFO] DbMcusAds:125 - Set database path to: C:\Users\PCZ\.stmcufinder\plugins\mcufinder//mcu/
2024-06-19 21:41:49,776 [WARN] DbFile:41 - Overriding database path with different value: C:\Users\PCZ\.stmcufinder\plugins\mcufinder/ => C:\Users\PCZ\.stmcufinder\plugins\mcufinder
2024-06-19 21:41:49,776 [WARN] DbFile:41 - Overriding database path with different value: C:\Users\PCZ\.stmcufinder\plugins\mcufinder/ => C:\Users\PCZ\.stmcufinder\plugins\mcufinder
2024-06-19 21:41:49,777 [INFO] CrossReferenceDbSqlite:203 - Set database path to: C:\Users\PCZ\.stmcufinder\plugins\mcufinder//mcu/cs/
2024-06-19 21:41:49,833 [INFO] MainPanel:264 - HeapMemory: 268435456
2024-06-19 21:41:49,903 [INFO] DbMcusXml:78 - Set database path to: C:\ST\STM32CubeIDE_1.15.1\STM32CubeIDE\plugins\com.st.stm32cube.common.mx_6.11.1.202404110753\\db\/mcu/
2024-06-19 21:41:49,903 [INFO] ApiDb:274 - Set plugin database path to: C:\ST\STM32CubeIDE_1.15.1\STM32CubeIDE\plugins\com.st.stm32cube.common.mx_6.11.1.202404110753\\db\/plugins/boardmanager/
2024-06-19 21:41:49,903 [INFO] ApiDb:261 - Set plugin images path to: C:\ST\STM32CubeIDE_1.15.1\STM32CubeIDE\plugins\com.st.stm32cube.common.mx_6.11.1.202404110753\\db\/plugins/mcufinder/images/
2024-06-19 21:41:49,903 [WARN] DbFile:41 - Overriding database path with different value: C:\Users\PCZ\.stmcufinder\plugins\mcufinder/ => C:\Users\PCZ\.stmcufinder\plugins\mcufinder
2024-06-19 21:41:49,903 [INFO] ApiDb:250 - Set database path to: C:\Users\PCZ\.stmcufinder\plugins\mcufinder//mcu/
2024-06-19 21:41:49,903 [WARN] DbFile:41 - Overriding database path with different value: C:\Users\PCZ\.stmcufinder\plugins\mcufinder/ => C:\Users\PCZ\.stmcufinder\plugins\mcufinder
2024-06-19 21:41:49,903 [INFO] DbMcusAds:125 - Set database path to: C:\Users\PCZ\.stmcufinder\plugins\mcufinder//mcu/
2024-06-19 21:41:49,903 [WARN] DbFile:41 - Overriding database path with different value: C:\Users\PCZ\.stmcufinder\plugins\mcufinder/ => C:\Users\PCZ\.stmcufinder\plugins\mcufinder
2024-06-19 21:41:49,904 [WARN] DbFile:41 - Overriding database path with different value: C:\Users\PCZ\.stmcufinder\plugins\mcufinder/ => C:\Users\PCZ\.stmcufinder\plugins\mcufinder
2024-06-19 21:41:49,904 [INFO] CrossReferenceDbSqlite:203 - Set database path to: C:\Users\PCZ\.stmcufinder\plugins\mcufinder//mcu/cs/
2024-06-19 21:41:49,916 [INFO] ApplicationProperties:184 - Using Application install path: C:\ST\STM32CubeIDE_1.15.1\STM32CubeIDE\plugins\com.st.stm32cube.common.mx_6.11.1.202404110753
2024-06-19 21:41:49,918 [INFO] PluginManage:196 - Search for loadable plugins [exclusion list=, ]
2024-06-19 21:41:49,919 [INFO] PluginManage:310 - Check plugin analytics
2024-06-19 21:41:54,558 [INFO] AnalyticsPlugin:253 - Accepted Software Licenses: 
2024-06-19 21:41:54,559 [INFO] AnalyticsPlugin:255 - Accepted CMSIS Pack Licenses: 
2024-06-19 21:41:54,559 [INFO] AnalyticsPlugin:257 - Accepted Firmware Licenses: FW.F4.1.28.0
2024-06-19 21:41:54,560 [INFO] PluginManage:359 - Loaded plugin analytics (category:tool,tabindex:-1)
2024-06-19 21:41:54,561 [INFO] PluginManage:310 - Check plugin cadmodel
2024-06-19 21:41:54,564 [INFO] CADModel:105 - Init CAD model plugin
2024-06-19 21:41:54,564 [INFO] PluginManage:359 - Loaded plugin cadmodel (category:power,tabindex:5)
2024-06-19 21:41:54,564 [INFO] PluginManage:310 - Check plugin clock
2024-06-19 21:41:54,572 [INFO] PluginManage:359 - Loaded plugin clock (category:base,tabindex:2)
2024-06-19 21:41:54,573 [INFO] PluginManage:310 - Check plugin ddr
2024-06-19 21:41:54,574 [INFO] PluginManage:359 - Loaded plugin ddr (category:tool,tabindex:6)
2024-06-19 21:41:54,574 [INFO] PluginManage:310 - Check plugin filemanager
2024-06-19 21:41:54,673 [INFO] PluginManage:359 - Loaded plugin filemanager (category:base,tabindex:10)
2024-06-19 21:41:54,673 [INFO] PluginManage:310 - Check plugin ipmanager
2024-06-19 21:41:54,678 [INFO] PluginManage:359 - Loaded plugin ipmanager (category:base,tabindex:5)
2024-06-19 21:41:54,678 [INFO] PluginManage:310 - Check plugin lpbam
2024-06-19 21:41:54,684 [INFO] PluginManage:359 - Loaded plugin lpbam (category:base,tabindex:0)
2024-06-19 21:41:54,684 [INFO] PluginManage:310 - Check plugin memorymap
2024-06-19 21:41:54,695 [INFO] PluginManage:359 - Loaded plugin memorymap (category:base,tabindex:4)
2024-06-19 21:41:54,695 [INFO] PluginManage:310 - Check plugin pinoutandconfiguration
2024-06-19 21:41:54,700 [INFO] PluginManage:359 - Loaded plugin pinoutandconfiguration (category:base,tabindex:1)
2024-06-19 21:41:54,700 [INFO] PluginManage:310 - Check plugin pinoutconfig
2024-06-19 21:41:54,760 [WARN] SupportedApi:132 - Cannot load RTOS API schema: s4s-elt-must-match.1: The content of 'definitions' must match (annotation?, (simpleType | complexType)?, (unique | key | keyref)*)). A problem was found starting at: attribute.
2024-06-19 21:41:54,854 [INFO] PluginManage:359 - Loaded plugin pinoutconfig (category:base,tabindex:0)
2024-06-19 21:41:54,854 [INFO] PluginManage:310 - Check plugin power
2024-06-19 21:41:54,861 [INFO] PluginManage:359 - Loaded plugin power (category:power,tabindex:4)
2024-06-19 21:41:54,861 [INFO] PluginManage:310 - Check plugin projectmanager
2024-06-19 21:41:54,872 [INFO] PluginManage:359 - Loaded plugin projectmanager (category:projectmanager,tabindex:3)
2024-06-19 21:41:54,872 [INFO] PluginManage:310 - Check plugin thirdparty
2024-06-19 21:41:54,959 [INFO] PluginManage:359 - Loaded plugin thirdparty (category:base,tabindex:-1)
2024-06-19 21:41:54,960 [INFO] PluginManage:310 - Check plugin tools
2024-06-19 21:41:54,959 [WARN] IntegrityCheckThread:84 - waiting for thirdparty lock release [integrity check]
2024-06-19 21:41:54,960 [INFO] IntegrityCheckThread:86 - entering critical section [integrity check]
2024-06-19 21:41:54,960 [INFO] ThirdPartyUpdaterWithRetryManager:70 - Updater plugin not ready yet. [1/15]
2024-06-19 21:41:54,961 [INFO] PluginManage:359 - Loaded plugin tools (category:base,tabindex:7)
2024-06-19 21:41:54,962 [INFO] PluginManage:310 - Check plugin tutovideos
2024-06-19 21:41:55,087 [INFO] PluginManage:359 - Loaded plugin tutovideos (category:base,tabindex:-1)
2024-06-19 21:41:55,087 [INFO] PluginManage:310 - Check plugin updater
2024-06-19 21:41:55,094 [INFO] PluginManage:359 - Loaded plugin updater (category:base,tabindex:12)
2024-06-19 21:41:55,094 [INFO] PluginManage:310 - Check plugin userauth
2024-06-19 21:41:55,099 [INFO] UserAuth:114 - Init User Auth plugin
2024-06-19 21:41:55,099 [INFO] PluginManage:359 - Loaded plugin userauth (category:base,tabindex:14)
2024-06-19 21:41:55,099 [INFO] PluginManage:283 - PluginManage : Loaded plugins [17]
2024-06-19 21:41:55,239 [INFO] PinOutPanel:1561 - setPackage(No Configuration,No Configuration)
2024-06-19 21:41:55,289 [INFO] CADModel:165 - CPN selected for project level
2024-06-19 21:41:55,289 [INFO] CADModel:114 - Register for checkConnection events
2024-06-19 21:41:55,302 [INFO] IPUIPlugin:80 - create IPUIPlugin
2024-06-19 21:41:55,303 [INFO] PluginManager:220 - loadIPPluginJar : add adc
2024-06-19 21:41:55,304 [INFO] IPUIPlugin:80 - create IPUIPlugin
2024-06-19 21:41:55,304 [INFO] PluginManager:220 - loadIPPluginJar : add aes
2024-06-19 21:41:55,306 [INFO] IPUIPlugin:80 - create IPUIPlugin
2024-06-19 21:41:55,306 [INFO] PluginManager:220 - loadIPPluginJar : add can
2024-06-19 21:41:55,307 [INFO] IPUIPlugin:80 - create IPUIPlugin
2024-06-19 21:41:55,307 [INFO] PluginManager:220 - loadIPPluginJar : add comp
2024-06-19 21:41:55,309 [INFO] IPUIPlugin:80 - create IPUIPlugin
2024-06-19 21:41:55,309 [INFO] PluginManager:220 - loadIPPluginJar : add cryp
2024-06-19 21:41:55,311 [INFO] IPUIPlugin:80 - create IPUIPlugin
2024-06-19 21:41:55,311 [INFO] PluginManager:220 - loadIPPluginJar : add dfsdm
2024-06-19 21:41:55,315 [INFO] IPUIPlugin:80 - create IPUIPlugin
2024-06-19 21:41:55,315 [INFO] PluginManager:220 - loadIPPluginJar : add dma
2024-06-19 21:41:55,317 [INFO] IPUIPlugin:80 - create IPUIPlugin
2024-06-19 21:41:55,318 [INFO] PluginManager:220 - loadIPPluginJar : add dma3
2024-06-19 21:41:55,320 [INFO] IPUIPlugin:80 - create IPUIPlugin
2024-06-19 21:41:55,320 [INFO] PluginManager:220 - loadIPPluginJar : add extmemmanager
2024-06-19 21:41:55,321 [INFO] IPUIPlugin:80 - create IPUIPlugin
2024-06-19 21:41:55,321 [INFO] PluginManager:220 - loadIPPluginJar : add fatfs
2024-06-19 21:41:55,324 [INFO] IPUIPlugin:80 - create IPUIPlugin
2024-06-19 21:41:55,324 [INFO] PluginManager:220 - loadIPPluginJar : add fmc
2024-06-19 21:41:55,328 [INFO] IPUIPlugin:80 - create IPUIPlugin
2024-06-19 21:41:55,328 [INFO] PluginManager:220 - loadIPPluginJar : add freertos
2024-06-19 21:41:55,329 [INFO] IPUIPlugin:80 - create IPUIPlugin
2024-06-19 21:41:55,329 [INFO] PluginManager:220 - loadIPPluginJar : add genericplugin
2024-06-19 21:41:55,331 [INFO] IPUIPlugin:80 - create IPUIPlugin
2024-06-19 21:41:55,331 [INFO] PluginManager:220 - loadIPPluginJar : add gfxmmu
2024-06-19 21:41:55,334 [INFO] IPUIPlugin:80 - create IPUIPlugin
2024-06-19 21:41:55,335 [INFO] PluginManager:220 - loadIPPluginJar : add gic
2024-06-19 21:41:55,337 [INFO] IPUIPlugin:80 - create IPUIPlugin
2024-06-19 21:41:55,337 [INFO] PluginManager:220 - loadIPPluginJar : add gpio
2024-06-19 21:41:55,339 [INFO] IPUIPlugin:80 - create IPUIPlugin
2024-06-19 21:41:55,339 [INFO] PluginManager:220 - loadIPPluginJar : add gtzc
2024-06-19 21:41:55,341 [INFO] IPUIPlugin:80 - create IPUIPlugin
2024-06-19 21:41:55,341 [INFO] PluginManager:220 - loadIPPluginJar : add hash
2024-06-19 21:41:55,342 [INFO] IPUIPlugin:80 - create IPUIPlugin
2024-06-19 21:41:55,342 [INFO] PluginManager:220 - loadIPPluginJar : add i2c
2024-06-19 21:41:55,344 [INFO] IPUIPlugin:80 - create IPUIPlugin
2024-06-19 21:41:55,344 [INFO] PluginManager:220 - loadIPPluginJar : add i2s
2024-06-19 21:41:55,346 [INFO] IPUIPlugin:80 - create IPUIPlugin
2024-06-19 21:41:55,346 [INFO] PluginManager:220 - loadIPPluginJar : add i3c
2024-06-19 21:41:55,348 [INFO] IPUIPlugin:80 - create IPUIPlugin
2024-06-19 21:41:55,348 [INFO] PluginManager:220 - loadIPPluginJar : add ipddr
2024-06-19 21:41:55,354 [INFO] IPUIPlugin:80 - create IPUIPlugin
2024-06-19 21:41:55,354 [INFO] PluginManager:220 - loadIPPluginJar : add linkedlist
2024-06-19 21:41:55,355 [INFO] IPUIPlugin:80 - create IPUIPlugin
2024-06-19 21:41:55,355 [INFO] PluginManager:220 - loadIPPluginJar : add lorawan
2024-06-19 21:41:55,356 [INFO] IPUIPlugin:80 - create IPUIPlugin
2024-06-19 21:41:55,356 [INFO] PluginManager:220 - loadIPPluginJar : add ltdc
2024-06-19 21:41:55,361 [INFO] IPUIPlugin:80 - create IPUIPlugin
2024-06-19 21:41:55,361 [INFO] PluginManager:220 - loadIPPluginJar : add mdma
2024-06-19 21:41:55,363 [INFO] IPUIPlugin:80 - create IPUIPlugin
2024-06-19 21:41:55,363 [INFO] PluginManager:220 - loadIPPluginJar : add nvic
2024-06-19 21:41:55,365 [INFO] IPUIPlugin:80 - create IPUIPlugin
2024-06-19 21:41:55,365 [INFO] PluginManager:220 - loadIPPluginJar : add opamp
2024-06-19 21:41:55,367 [INFO] IPUIPlugin:80 - create IPUIPlugin
2024-06-19 21:41:55,368 [INFO] PluginManager:220 - loadIPPluginJar : add openamp
2024-06-19 21:41:55,370 [INFO] IPUIPlugin:80 - create IPUIPlugin
2024-06-19 21:41:55,370 [INFO] PluginManager:220 - loadIPPluginJar : add pdm2pcm
2024-06-19 21:41:55,374 [INFO] IPUIPlugin:80 - create IPUIPlugin
2024-06-19 21:41:55,376 [INFO] PluginManager:220 - loadIPPluginJar : add plateformsettings
2024-06-19 21:41:55,377 [INFO] IPUIPlugin:80 - create IPUIPlugin
2024-06-19 21:41:55,377 [INFO] PluginManager:220 - loadIPPluginJar : add quadspi
2024-06-19 21:41:55,380 [INFO] IPUIPlugin:80 - create IPUIPlugin
2024-06-19 21:41:55,380 [INFO] PluginManager:220 - loadIPPluginJar : add resmgrutility
2024-06-19 21:41:55,382 [INFO] IPUIPlugin:80 - create IPUIPlugin
2024-06-19 21:41:55,382 [INFO] PluginManager:220 - loadIPPluginJar : add sai
2024-06-19 21:41:55,384 [INFO] IPUIPlugin:80 - create IPUIPlugin
2024-06-19 21:41:55,384 [INFO] PluginManager:220 - loadIPPluginJar : add spi
2024-06-19 21:41:55,387 [INFO] IPUIPlugin:80 - create IPUIPlugin
2024-06-19 21:41:55,387 [INFO] PluginManager:220 - loadIPPluginJar : add stm32_wpan
2024-06-19 21:41:55,389 [INFO] IPUIPlugin:80 - create IPUIPlugin
2024-06-19 21:41:55,389 [INFO] PluginManager:220 - loadIPPluginJar : add tim
2024-06-19 21:41:55,391 [INFO] IPUIPlugin:80 - create IPUIPlugin
2024-06-19 21:41:55,391 [INFO] PluginManager:220 - loadIPPluginJar : add touchsensing
2024-06-19 21:41:55,399 [INFO] IPUIPlugin:80 - create IPUIPlugin
2024-06-19 21:41:55,399 [INFO] PluginManager:220 - loadIPPluginJar : add tracer_emb
2024-06-19 21:41:55,401 [INFO] IPUIPlugin:80 - create IPUIPlugin
2024-06-19 21:41:55,401 [INFO] PluginManager:220 - loadIPPluginJar : add ts
2024-06-19 21:41:55,402 [INFO] IPUIPlugin:80 - create IPUIPlugin
2024-06-19 21:41:55,402 [INFO] PluginManager:220 - loadIPPluginJar : add tsc
2024-06-19 21:41:55,403 [INFO] IPUIPlugin:80 - create IPUIPlugin
2024-06-19 21:41:55,403 [INFO] PluginManager:220 - loadIPPluginJar : add ucpd
2024-06-19 21:41:55,405 [INFO] IPUIPlugin:80 - create IPUIPlugin
2024-06-19 21:41:55,406 [INFO] PluginManager:220 - loadIPPluginJar : add usart
2024-06-19 21:41:55,408 [INFO] IPUIPlugin:80 - create IPUIPlugin
2024-06-19 21:41:55,408 [INFO] PluginManager:220 - loadIPPluginJar : add usbx
2024-06-19 21:41:55,510 [INFO] CADModel:165 - CPN selected for project level
2024-06-19 21:41:55,510 [INFO] CADModel:114 - Register for checkConnection events
2024-06-19 21:41:55,510 [FATAL] Updater:308 - Updater called before beeing initialized
2024-06-19 21:41:55,510 [ERROR] CADModel:125 - Updater not yet initialized, retry later 
2024-06-19 21:41:55,601 [INFO] CADModel:165 - CPN selected for project level
2024-06-19 21:41:55,601 [INFO] CADModel:114 - Register for checkConnection events
2024-06-19 21:41:55,601 [FATAL] Updater:308 - Updater called before beeing initialized
2024-06-19 21:41:55,601 [ERROR] CADModel:125 - Updater not yet initialized, retry later 
2024-06-19 21:41:55,604 [FATAL] Updater:308 - Updater called before beeing initialized
2024-06-19 21:41:55,668 [FATAL] Updater:308 - Updater called before beeing initialized
2024-06-19 21:41:55,671 [INFO] DbMcusAds:53 - JSON generation date=Thu May 16 11:22:00 CEST 2024 (1715851320667)
2024-06-19 21:41:55,671 [FATAL] Updater:308 - Updater called before beeing initialized
2024-06-19 21:41:55,697 [WARN] DetailPanel:346 - Failed to get advertising image, set to default
2024-06-19 21:41:55,755 [FATAL] Updater:308 - Updater called before beeing initialized
2024-06-19 21:41:55,756 [FATAL] Updater:308 - Updater called before beeing initialized
2024-06-19 21:41:55,756 [FATAL] Updater:308 - Updater called before beeing initialized
2024-06-19 21:41:55,756 [WARN] DetailPanel:346 - Failed to get advertising image, set to default
2024-06-19 21:41:55,757 [FATAL] Updater:308 - Updater called before beeing initialized
2024-06-19 21:41:55,781 [ERROR] Updater:1120 - MainUpdater not yet initialized. External WinMGr cannot be set.
2024-06-19 21:41:55,783 [INFO] Updater:1056 - Updater Version found : 6.11.1
2024-06-19 21:41:55,798 [INFO] ApplicationProperties:184 - Using Application install path: C:\ST\STM32CubeIDE_1.15.1\STM32CubeIDE\plugins\com.st.stm32cube.common.mx_6.11.1.202404110753
2024-06-19 21:41:57,374 [ERROR] LogOutputStream:75 - [STDERR_REDIRECT] Jun 19, 2024 9:41:57 PM java.util.prefs.WindowsPreferences <init>
2024-06-19 21:41:57,375 [ERROR] LogOutputStream:75 - [STDERR_REDIRECT] WARNING: Could not open/create prefs root node Software\JavaSoft\Prefs at root 0xffffffff80000002. Windows RegCreateKeyEx(...) returned error code 5.
2024-06-19 21:41:57,375 [ERROR] LogOutputStream:75 - [STDERR_REDIRECT] 
2024-06-19 21:41:57,543 [INFO] MainUpdater:2873 - connection check result : 10
2024-06-19 21:41:57,543 [INFO] MainUpdater:3567 - Updater definition file requires update
2024-06-19 21:41:57,544 [INFO] MainUpdater:290 - Updater Check For Update Now.
2024-06-19 21:41:57,544 [INFO] MicroXplorer:498 - Change Database Version : DB.6.0.111
2024-06-19 21:41:57,548 [INFO] McuFinderGlobals:63 - Set McuFinder mode to 2 (CubeIDE integrated)
2024-06-19 21:41:57,552 [INFO] UserAuth:415 - Internet connection configuration mode: 1
2024-06-19 21:41:57,562 [INFO] JxBrowserEngine:152 - Initiate JxBrowser Engine with user profile folder
2024-06-19 21:41:57,568 [INFO] ServerAccessManage:473 - Download File updaters.zip
2024-06-19 21:41:57,599 [INFO] FileExtend:240 - Unzip File : updaters.zip
2024-06-19 21:41:57,599 [INFO] FileExtend:255 - Standard Zip Deflate
2024-06-19 21:41:57,801 [INFO] ServerAccessManage:473 - Download File PacksControlFlags.xml
2024-06-19 21:41:57,836 [INFO] ServerAccessManage:473 - Download File cubemx.pidx
2024-06-19 21:41:57,933 [INFO] LoadServerUpdatesThread:375 - End of LoadServerUpdate Thread
2024-06-19 21:41:57,961 [WARN] MainUpdater:1194 - Updater busy. Cannot search thirdparties
2024-06-19 21:41:57,961 [INFO] ThirdPartyUpdaterWithRetryManager:96 - Updater plugin is busy. [1/15]
2024-06-19 21:41:58,073 [INFO] CheckServerUpdateThread:120 - End of CheckServer Thread
2024-06-19 21:41:58,165 [INFO] WebApp:161 - Instantiating new browser for Auth
2024-06-19 21:41:58,643 [INFO] WebApp:779 - Register for checkConnection events
2024-06-19 21:41:58,643 [INFO] WebApp:414 - Apply proxy settings
2024-06-19 21:41:58,643 [INFO] WebApp:499 - Chromium requires no authentication
2024-06-19 21:41:58,651 [INFO] WebApp:442 - Direct internet connection detected
2024-06-19 21:41:58,805 [INFO] WebApp:192 - Starting web application
2024-06-19 21:41:58,805 [INFO] WebApp:544 - Web application path used C:\ST\STM32CubeIDE_1.15.1\STM32CubeIDE\plugins\com.st.stm32cube.common.mx_6.11.1.202404110753\db\plugins\mcufinder\reactClient1\index.html
2024-06-19 21:42:01,079 [WARN] PackLoader:240 - Cannot read IP mode file for STMicroelectronics.FP-SNS-MOTENVWB1.1.4.0
2024-06-19 21:42:01,086 [WARN] PackLoader:240 - Cannot read IP mode file for STMicroelectronics.X-CUBE-SMBUS.2.1.0
2024-06-19 21:42:01,090 [WARN] PackLoader:240 - Cannot read IP mode file for STMicroelectronics.X-CUBE-TOUCHGFX.4.23.2
2024-06-19 21:42:01,105 [WARN] PackLoader:240 - Cannot read IP mode file for STMicroelectronics.X-CUBE-AZRTOS-F7.1.1.0
2024-06-19 21:42:01,111 [WARN] PackLoader:240 - Cannot read IP mode file for STMicroelectronics.FP-SNS-FLIGHT1.5.0.2
2024-06-19 21:42:01,117 [WARN] PackLoader:240 - Cannot read IP mode file for STMicroelectronics.X-CUBE-DISPLAY.3.0.0
2024-06-19 21:42:01,125 [WARN] PackLoader:240 - Cannot read IP mode file for STMicroelectronics.X-CUBE-BLE1.7.0.0
2024-06-19 21:42:01,130 [WARN] PackLoader:240 - Cannot read IP mode file for emotas.I-CUBE-CANOPEN.1.3.0
2024-06-19 21:42:01,138 [WARN] PackLoader:240 - Cannot read IP mode file for STMicroelectronics.X-CUBE-BLEMGR.3.1.0
2024-06-19 21:42:01,144 [WARN] PackLoader:240 - Cannot read IP mode file for STMicroelectronics.FP-SNS-SMARTAG2.1.2.0
2024-06-19 21:42:01,151 [INFO] LogOutputStream:77 - [STDOUT_REDIRECT] 1 : Invalid condition id : UX_CORESTACK_Condition cause : null
2024-06-19 21:42:01,152 [INFO] LogOutputStream:77 - [STDOUT_REDIRECT] 1 : Invalid condition id : UX_CORESTACK_Condition cause : null
2024-06-19 21:42:01,153 [INFO] LogOutputStream:77 - [STDOUT_REDIRECT] 1 : Invalid condition id : UX_CORESTACK_Condition cause : null
2024-06-19 21:42:01,153 [INFO] LogOutputStream:77 - [STDOUT_REDIRECT] 1 : Invalid condition id : UX_CORESTACK_Condition cause : null
2024-06-19 21:42:01,154 [INFO] LogOutputStream:77 - [STDOUT_REDIRECT] 1 : Invalid condition id : UX_CORESTACK_Condition cause : null
2024-06-19 21:42:01,158 [WARN] PackLoader:240 - Cannot read IP mode file for STMicroelectronics.X-CUBE-AZRTOS-WL.2.0.0
2024-06-19 21:42:01,163 [WARN] PackLoader:240 - Cannot read IP mode file for STMicroelectronics.FP-SNS-MOTENV1.5.0.0
2024-06-19 21:42:01,170 [WARN] PackLoader:240 - Cannot read IP mode file for wolfSSL.I-CUBE-wolfMQTT.1.19.0
2024-06-19 21:42:01,178 [WARN] PackLoader:240 - Cannot read IP mode file for WES.I-CUBE-Cesium.1.3.0
2024-06-19 21:42:01,182 [WARN] PackLoader:240 - Cannot read IP mode file for STMicroelectronics.X-CUBE-BLE2.3.3.0
2024-06-19 21:42:01,187 [WARN] PackLoader:240 - Cannot read IP mode file for STMicroelectronics.X-CUBE-TCPP.4.1.0
2024-06-19 21:42:01,198 [WARN] PackLoader:240 - Cannot read IP mode file for STMicroelectronics.X-CUBE-AZRTOS-G0.1.1.0
2024-06-19 21:42:01,205 [WARN] PackLoader:240 - Cannot read IP mode file for STMicroelectronics.X-CUBE-SAFEA1.1.2.2
2024-06-19 21:42:01,209 [WARN] PackLoader:240 - Cannot read IP mode file for STMicroelectronics.X-CUBE-NFC4.3.0.0
2024-06-19 21:42:01,213 [WARN] PackLoader:240 - Cannot read IP mode file for wolfSSL.I-CUBE-wolfSSL.5.7.0
2024-06-19 21:42:01,216 [WARN] PackLoader:240 - Cannot read IP mode file for STMicroelectronics.FP-ATR-SIGFOX1.3.2.0
2024-06-19 21:42:01,221 [WARN] PackLoader:240 - Cannot read IP mode file for STMicroelectronics.X-CUBE-EEPRMA1.5.1.0
2024-06-19 21:42:01,225 [WARN] PackLoader:240 - Cannot read IP mode file for ITTIA_DB.I-CUBE-ITTIADB.8.9.0
2024-06-19 21:42:01,248 [WARN] PackLoader:240 - Cannot read IP mode file for SEGGER.I-CUBE-embOS.1.3.1
2024-06-19 21:42:01,287 [WARN] PackLoader:240 - Cannot read IP mode file for STMicroelectronics.X-CUBE-ALGOBUILD.1.4.0
2024-06-19 21:42:01,292 [WARN] PackLoader:240 - Cannot read IP mode file for STMicroelectronics.X-CUBE-GNSS1.6.0.0
2024-06-19 21:42:01,305 [WARN] PackLoader:240 - Cannot read IP mode file for STMicroelectronics.X-CUBE-AZRTOS-F4.1.1.0
2024-06-19 21:42:01,310 [WARN] PackLoader:240 - Cannot read IP mode file for STMicroelectronics.X-CUBE-FREERTOS.1.2.0
2024-06-19 21:42:01,321 [WARN] PackLoader:240 - Cannot read IP mode file for STMicroelectronics.X-CUBE-AZRTOS-L5.2.0.0
2024-06-19 21:42:01,329 [WARN] PackLoader:240 - Cannot read IP mode file for STMicroelectronics.X-CUBE-NFC6.3.1.0
2024-06-19 21:42:01,335 [WARN] PackLoader:240 - Cannot read IP mode file for STMicroelectronics.X-CUBE-AI.9.0.0
2024-06-19 21:42:01,339 [WARN] PackLoader:240 - Cannot read IP mode file for STMicroelectronics.X-CUBE-NFC7.1.0.1
2024-06-19 21:42:01,352 [WARN] ConditionMgr:438 - getConditionDescription Invalid condition id : LAN8742 Phy interface Condition cause : null
2024-06-19 21:42:01,353 [WARN] PackLoader:240 - Cannot read IP mode file for STMicroelectronics.X-CUBE-AZRTOS-L4.2.0.0
2024-06-19 21:42:01,354 [WARN] ConditionMgr:1039 - genDependencies : Invalid condition id : LAN8742 Phy interface Condition cause : null
2024-06-19 21:42:01,354 [WARN] ConditionMgr:1039 - genDependencies : Invalid condition id : LAN8742 Phy interface Condition cause : null
2024-06-19 21:42:01,355 [WARN] ConditionMgr:1039 - genDependencies : Invalid condition id : LAN8742 Phy interface Condition cause : null
2024-06-19 21:42:01,361 [WARN] PackLoader:240 - Cannot read IP mode file for STMicroelectronics.X-CUBE-SFXS2LP1.4.0.0
2024-06-19 21:42:01,369 [WARN] ConditionMgr:438 - getConditionDescription Invalid condition id : UX DEVICE CLASS RTOS Condition cause : null
2024-06-19 21:42:01,369 [WARN] ConditionMgr:438 - getConditionDescription Invalid condition id : UX DEVICE CLASS RTOS Condition cause : null
2024-06-19 21:42:01,370 [WARN] PackLoader:240 - Cannot read IP mode file for STMicroelectronics.X-CUBE-AZRTOS-WB.2.0.0
2024-06-19 21:42:01,371 [WARN] ConditionMgr:1039 - genDependencies : Invalid condition id : UX DEVICE CLASS RTOS Condition cause : null
2024-06-19 21:42:01,371 [WARN] ConditionMgr:1039 - genDependencies : Invalid condition id : UX DEVICE CLASS RTOS Condition cause : null
2024-06-19 21:42:01,371 [WARN] ConditionMgr:1039 - genDependencies : Invalid condition id : UX DEVICE CLASS RTOS Condition cause : null
2024-06-19 21:42:01,371 [WARN] ConditionMgr:1039 - genDependencies : Invalid condition id : UX DEVICE CLASS RTOS Condition cause : null
2024-06-19 21:42:01,372 [WARN] ConditionMgr:1039 - genDependencies : Invalid condition id : UX DEVICE CLASS RTOS Condition cause : null
2024-06-19 21:42:01,378 [WARN] PackLoader:240 - Cannot read IP mode file for STMicroelectronics.X-CUBE-SUBG2.5.0.0
2024-06-19 21:42:01,383 [WARN] PackLoader:240 - Cannot read IP mode file for Cesanta.I-CUBE-Mongoose.7.13.0
2024-06-19 21:42:01,391 [WARN] PackLoader:240 - Cannot read IP mode file for STMicroelectronics.X-CUBE-AZRTOS-G4.2.0.0
2024-06-19 21:42:01,396 [WARN] PackLoader:240 - Cannot read IP mode file for STMicroelectronics.X-CUBE-ISPU.2.0.0
2024-06-19 21:42:01,398 [WARN] PackLoader:240 - Cannot read IP mode file for STMicroelectronics.X-CUBE-ALS.1.0.2
2024-06-19 21:42:01,419 [WARN] PackLoader:240 - Cannot read IP mode file for STMicroelectronics.X-CUBE-MEMS1.10.0.0
2024-06-19 21:42:01,488 [WARN] PackLoader:240 - Cannot read IP mode file for portGmbH.I-Cube-SoM-uGOAL.1.1.0
2024-06-19 21:42:01,500 [WARN] PackLoader:240 - Cannot read IP mode file for STMicroelectronics.X-CUBE-AZRTOS-H7RS.1.0.0
2024-06-19 21:42:01,508 [WARN] PackLoader:240 - Cannot read IP mode file for STMicroelectronics.FP-ATR-ASTRA1.2.0.0
2024-06-19 21:42:01,543 [WARN] PackLoader:240 - Cannot read IP mode file for STMicroelectronics.X-CUBE-TOF1.3.4.1
2024-06-19 21:42:01,556 [WARN] PackLoader:240 - Cannot read IP mode file for STMicroelectronics.X-CUBE-AZRTOS-H7.3.2.0
2024-06-19 21:42:01,565 [WARN] PackLoader:240 - Cannot read IP mode file for Infineon.AIROC-Wi-Fi-Bluetooth-STM32.1.6.0
2024-06-19 21:42:01,567 [INFO] ThirdParty:978 - Integrity check success = true
2024-06-19 21:42:01,568 [INFO] IntegrityCheckThread:100 - exiting critical section [integrity check]
2024-06-19 21:42:01,568 [INFO] IntegrityCheckThread:103 - End integrity checks thread
